TN:
SF:/home/selecter/nodejs/testing-course/tdd-3-pg-jest/index.js
FN:15,(anonymous_0)
FN:23,(anonymous_1)
FNF:2
FNH:0
FNDA:0,(anonymous_0)
FNDA:0,(anonymous_1)
DA:1,2
DA:2,2
DA:4,2
DA:5,2
DA:6,2
DA:8,2
DA:10,2
DA:11,2
DA:12,2
DA:13,2
DA:15,2
DA:16,0
DA:17,0
DA:22,2
DA:23,0
DA:24,0
DA:28,2
LF:17
LH:13
BRDA:22,0,0,0
BRDA:22,0,1,2
BRF:2
BRH:1
end_of_record
TN:
SF:/home/selecter/nodejs/testing-course/tdd-3-pg-jest/config/index.js
FNF:0
FNH:0
DA:1,3
LF:1
LH:1
BRF:0
BRH:0
end_of_record
TN:
SF:/home/selecter/nodejs/testing-course/tdd-3-pg-jest/db/user.js
FN:7,(anonymous_0)
FN:29,(anonymous_1)
FNF:2
FNH:2
FNDA:2,(anonymous_0)
FNDA:2,(anonymous_1)
DA:1,3
DA:2,3
DA:3,3
DA:5,3
DA:11,2
DA:12,2
DA:14,2
DA:15,2
DA:17,0
DA:20,2
DA:25,2
DA:30,2
DA:31,2
DA:33,2
DA:34,2
DA:36,0
DA:41,2
DA:42,1
DA:47,1
DA:50,1
LF:20
LH:18
BRDA:41,0,0,1
BRDA:41,0,1,1
BRF:2
BRH:2
end_of_record
TN:
SF:/home/selecter/nodejs/testing-course/tdd-3-pg-jest/middleware/users.js
FN:6,(anonymous_0)
FN:13,(anonymous_1)
FNF:2
FNH:1
FNDA:1,(anonymous_0)
FNDA:0,(anonymous_1)
DA:1,2
DA:2,2
DA:4,2
DA:7,1
DA:8,1
DA:9,1
DA:14,0
DA:15,0
LF:8
LH:6
BRF:0
BRH:0
end_of_record
TN:
SF:/home/selecter/nodejs/testing-course/tdd-3-pg-jest/middleware/validator.js
FN:5,(anonymous_0)
FN:39,(anonymous_1)
FNF:2
FNH:2
FNDA:4,(anonymous_0)
FNDA:3,(anonymous_1)
DA:1,3
DA:3,3
DA:7,4
DA:9,4
DA:11,3
DA:13,2
DA:15,2
DA:17,2
DA:18,1
DA:20,1
DA:24,1
DA:30,1
DA:34,1
DA:40,3
DA:42,3
DA:43,2
DA:44,1
DA:46,1
DA:49,1
LF:19
LH:19
BRDA:9,0,0,3
BRDA:9,0,1,1
BRDA:11,1,0,2
BRDA:11,1,1,1
BRDA:17,2,0,1
BRDA:17,2,1,1
BRDA:42,3,0,2
BRDA:42,3,1,1
BRDA:43,4,0,1
BRDA:43,4,1,1
BRF:10
BRH:10
end_of_record
TN:
SF:/home/selecter/nodejs/testing-course/tdd-3-pg-jest/routes/index.js
FN:8,(anonymous_0)
FNF:1
FNH:1
FNDA:2,(anonymous_0)
DA:1,2
DA:2,2
DA:3,2
DA:4,2
DA:6,2
DA:8,2
DA:9,2
DA:10,2
DA:13,2
DA:15,2
LF:10
LH:10
BRF:0
BRH:0
end_of_record
TN:
SF:/home/selecter/nodejs/testing-course/tdd-3-pg-jest/tests/utils/generate.js
FN:4,(anonymous_0)
FNF:1
FNH:1
FNDA:5,(anonymous_0)
DA:1,2
DA:3,2
DA:5,5
LF:3
LH:3
BRF:0
BRH:0
end_of_record
TN:
SF:/home/selecter/nodejs/testing-course/tdd-3-pg-jest/tests/utils/index.js
FNF:0
FNH:0
DA:1,2
DA:2,2
DA:3,2
DA:5,2
LF:4
LH:4
BRF:0
BRH:0
end_of_record
